#-----------------------------------------------------------
# Vivado v2019.1.3 (64-bit)
# SW Build 2644227 on Wed Sep  4 09:45:24 MDT 2019
# IP Build 2633630 on Wed Sep  4 12:30:14 MDT 2019
# Start of session at: Mon Jan 13 13:49:40 2020
# Process ID: 10528
# Current directory: J:/ECEN 323 Labs/project_1
# Command line: vivado.exe -gui_launcher_event rodinguilauncherevent10844 J:\ECEN 323 Labs\project_1\project_1.xpr
# Log file: J:/ECEN 323 Labs/project_1/vivado.log
# Journal file: J:/ECEN 323 Labs/project_1\vivado.jou
#-----------------------------------------------------------
start_gui
open_project {J:/ECEN 323 Labs/project_1/project_1.xpr}
Scanning sources...
Finished scanning sources
INFO: [IP_Flow 19-234] Refreshing IP repositories
INFO: [IP_Flow 19-1704] No user IP repositories specified
INFO: [IP_Flow 19-2313] Loaded Vivado IP repository 'C:/Xilinx/Vivado/2019.1/data/ip'.
open_project: Time (s): cpu = 00:00:13 ; elapsed = 00:00:09 . Memory (MB): peak = 798.520 ; gain = 133.020
update_compile_order -fileset sources_1
exit
INFO: [Common 17-206] Exiting Vivado at Mon Jan 13 13:50:33 2020...
