#-----------------------------------------------------------
# Vivado v2019.1.3 (64-bit)
# SW Build 2644227 on Wed Sep  4 09:45:24 MDT 2019
# IP Build 2633630 on Wed Sep  4 12:30:14 MDT 2019
# Start of session at: Tue Jan 14 18:02:22 2020
# Process ID: 5568
# Current directory: J:/ECEN 323 Labs/project_2
# Command line: vivado.exe -gui_launcher_event rodinguilauncherevent11252 J:\ECEN 323 Labs\project_2\project_2.xpr
# Log file: J:/ECEN 323 Labs/project_2/vivado.log
# Journal file: J:/ECEN 323 Labs/project_2\vivado.jou
#-----------------------------------------------------------
start_gui
open_project {J:/ECEN 323 Labs/project_2/project_2.xpr}
Scanning sources...
Finished scanning sources
INFO: [IP_Flow 19-234] Refreshing IP repositories
INFO: [IP_Flow 19-1704] No user IP repositories specified
INFO: [IP_Flow 19-2313] Loaded Vivado IP repository 'C:/Xilinx/Vivado/2019.1/data/ip'.
open_project: Time (s): cpu = 00:00:14 ; elapsed = 00:00:10 . Memory (MB): peak = 976.305 ; gain = 125.973
update_compile_order -fileset sources_1
add_files -fileset constrs_1 -norecurse {{J:/ECEN 323 Labs/project_2/nexys4_323.xdc}}
launch_runs synth_1 -jobs 2
[Tue Jan 14 18:13:22 2020] Launched synth_1...
Run output will be captured here: J:/ECEN 323 Labs/project_2/project_2.runs/synth_1/runme.log
reset_run synth_1
launch_runs synth_1 -jobs 2
[Tue Jan 14 18:13:59 2020] Launched synth_1...
Run output will be captured here: J:/ECEN 323 Labs/project_2/project_2.runs/synth_1/runme.log
launch_runs impl_1 -jobs 2
[Tue Jan 14 18:15:28 2020] Launched impl_1...
Run output will be captured here: J:/ECEN 323 Labs/project_2/project_2.runs/impl_1/runme.log
reset_run synth_1
launch_runs synth_1 -jobs 2
[Tue Jan 14 18:16:39 2020] Launched synth_1...
Run output will be captured here: J:/ECEN 323 Labs/project_2/project_2.runs/synth_1/runme.log
launch_runs impl_1 -jobs 2
[Tue Jan 14 18:18:14 2020] Launched impl_1...
Run output will be captured here: J:/ECEN 323 Labs/project_2/project_2.runs/impl_1/runme.log
launch_runs impl_1 -to_step write_bitstream -jobs 2
[Tue Jan 14 18:20:05 2020] Launched impl_1...
Run output will be captured here: J:/ECEN 323 Labs/project_2/project_2.runs/impl_1/runme.log
open_run impl_1
INFO: [Device 21-403] Loading part xc7a100tcsg324-1
INFO: [Project 1-479] Netlist was created with Vivado 2019.1.3
INFO: [Project 1-570] Preparing netlist for logic optimization
INFO: [Timing 38-478] Restoring timing data from binary archive.
INFO: [Timing 38-479] Binary timing data restore complete.
INFO: [Project 1-856] Restoring constraints from binary archive.
INFO: [Project 1-853] Binary constraint restore complete.
Reading XDEF placement.
Reading placer database...
Reading XDEF routing.
Read XDEF File: Time (s): cpu = 00:00:00 ; elapsed = 00:00:00.361 . Memory (MB): peak = 1807.238 ; gain = 0.000
Restored from archive | CPU: 0.000000 secs | Memory: 0.000000 MB |
Finished XDEF File Restore: Time (s): cpu = 00:00:00 ; elapsed = 00:00:00.363 . Memory (MB): peak = 1807.238 ; gain = 0.000
Netlist sorting complete. Time (s): cpu = 00:00:00 ; elapsed = 00:00:00 . Memory (MB): peak = 1807.238 ; gain = 0.000
INFO: [Project 1-111] Unisim Transformation Summary:
No Unisim elements were transformed.

open_run: Time (s): cpu = 00:00:31 ; elapsed = 00:00:36 . Memory (MB): peak = 1918.660 ; gain = 861.109
exit
INFO: [Common 17-206] Exiting Vivado at Tue Jan 14 18:37:21 2020...
